C51 COMPILER V9.60.0.0   DS1302                                                            02/18/2023 13:04:44 PAGE 1   


C51 COMPILER V9.60.0.0, COMPILATION OF MODULE DS1302
OBJECT MODULE PLACED IN .\Objects\ds1302.obj
COMPILER INVOKED BY: C:\Keil_v5\C51\BIN\C51.EXE ds1302.c OMF2 OPTIMIZE(8,SPEED) BROWSE DEBUG PRINT(.\Listings\ds1302.lst
                    -) OBJECT(.\Objects\ds1302.obj)

line level    source

   1          #include<reg51.h>
   2          
   3          //寄存器写入地址/指令定义
   4          #define DS1302_SECOND           0x80
   5          #define DS1302_MINUTE           0x82
   6          #define DS1302_HOUR                     0x84
   7          #define DS1302_DATE                     0x86
   8          #define DS1302_MONTH            0x88
   9          #define DS1302_WEEK                     0x8A
  10          #define DS1302_YEAR                     0x8C
  11          #define DS1302_WP                       0x8E
  12          
  13          sbit DS1302_SCLK=P3^6;
  14          sbit DS1302_IO=P3^4;
  15          sbit DS1302_CE=P3^5;
  16          
  17          unsigned char SECOND,MINUTE,HOUR,DATE,MONTH,YEAR;
  18          
  19          
  20          //          0年1月2日3时4分5秒
  21          char Time[]={23,1,2,2,2,0};
  22          
  23          void DS1302_Init(void)
  24          {
  25   1              DS1302_CE=0;
  26   1              DS1302_SCLK=0;
  27   1      }
  28          
  29          void DS1302_WriteByte(unsigned char Command,unsigned char Date)
  30          {
  31   1              unsigned char i=0;
  32   1              DS1302_CE=1;
  33   1              for(i=0;i<8;i++)
  34   1              {
  35   2                      DS1302_IO=Command&(0x01<<i);
  36   2                      DS1302_SCLK=1;  
  37   2                      DS1302_SCLK=0;
  38   2              }
  39   1              for(i=0;i<8;i++)
  40   1              {
  41   2                      DS1302_IO=Date&(0x01<<i);
  42   2                      DS1302_SCLK=1;
  43   2                      DS1302_SCLK=0;
  44   2              }       
  45   1              DS1302_CE=0;
  46   1      }
  47          
  48          void DS1302_SetTime(void)
  49          {       
  50   1              DS1302_WriteByte(DS1302_WP,0/10*16+0%10);
  51   1              DS1302_WriteByte(DS1302_YEAR,Time[0]/10*16+Time[0]%10);//十进制转BCD码后写入
  52   1              DS1302_WriteByte(DS1302_MONTH,Time[1]/10*16+Time[1]%10);
  53   1              DS1302_WriteByte(DS1302_DATE,Time[2]/10*16+Time[2]%10);
  54   1              DS1302_WriteByte(DS1302_HOUR,Time[3]/10*16+Time[3]%10);
C51 COMPILER V9.60.0.0   DS1302                                                            02/18/2023 13:04:44 PAGE 2   

  55   1              DS1302_WriteByte(DS1302_MINUTE,Time[4]/10*16+Time[4]%10);
  56   1              DS1302_WriteByte(DS1302_SECOND,Time[5]/10*16+Time[5]%10);
  57   1              DS1302_WriteByte(DS1302_WP,0x80/10*16+0X80%10);
  58   1      }
  59          
  60          unsigned char DS1302_ReadByte(unsigned char Command)
  61          {
  62   1              unsigned char i,Byte=0x00;
  63   1              DS1302_CE=1;
  64   1              Command|=0x01;
  65   1              for(i=0;i<8;i++)
  66   1              {       
  67   2                              
  68   2                      DS1302_IO=Command&(0x01<<i);
  69   2                      DS1302_SCLK=0;  
  70   2                      DS1302_SCLK=1;
  71   2              }
  72   1              for(i=0;i<8;i++)
  73   1              {       
  74   2                      DS1302_SCLK=1;
  75   2                      DS1302_SCLK=0;          
  76   2                      if(DS1302_IO){Byte|=(0x01<<i);}         
  77   2              }
  78   1              DS1302_CE=0; 
  79   1              return Byte;
  80   1      }
  81          
  82          void DS1302_ReadTime(void)
  83          {
  84   1              SECOND=DS1302_ReadByte(DS1302_SECOND);
  85   1              Time[5]=SECOND/16*10+SECOND%16;
  86   1              MINUTE=DS1302_ReadByte(DS1302_MINUTE);
  87   1              Time[4]=MINUTE/16*10+MINUTE%16;
  88   1              HOUR=DS1302_ReadByte(DS1302_HOUR);
  89   1              Time[3]=HOUR/16*10+HOUR%16;
  90   1              DATE=DS1302_ReadByte(DS1302_DATE);
  91   1              Time[2]=DATE/16*10+DATE%16;
  92   1              MONTH=DS1302_ReadByte(DS1302_MONTH);
  93   1              Time[1]=MONTH/16*10+MONTH%16;
  94   1              YEAR=DS1302_ReadByte(DS1302_YEAR);
  95   1              Time[0]=YEAR/16*10+YEAR%16;
  96   1      }
  97          
  98          


MODULE INFORMATION:   STATIC OVERLAYABLE
   CODE SIZE        =    537    ----
   CONSTANT SIZE    =   ----    ----
   XDATA SIZE       =   ----    ----
   PDATA SIZE       =   ----    ----
   DATA SIZE        =     12    ----
   IDATA SIZE       =   ----    ----
   BIT SIZE         =   ----    ----
   EDATA SIZE       =   ----    ----
   HDATA SIZE       =   ----    ----
   XDATA CONST SIZE =   ----    ----
   FAR CONST SIZE   =   ----    ----
END OF MODULE INFORMATION.


C51 COMPILATION COMPLETE.  0 WARNING(S),  0 ERROR(S)
