C51 COMPILER V9.60.0.0   KEY                                                               02/17/2023 17:44:46 PAGE 1   


C51 COMPILER V9.60.0.0, COMPILATION OF MODULE KEY
OBJECT MODULE PLACED IN .\Objects\Key.obj
COMPILER INVOKED BY: C:\Keil_v5\C51\BIN\C51.EXE Key.c OMF2 OPTIMIZE(8,SPEED) BROWSE DEBUG PRINT(.\Listings\Key.lst) OBJE
                    -CT(.\Objects\Key.obj)

line level    source

   1          #include<reg51.h>
   2          #include"DELAY.H"
   3          #include"DS1302.H"
   4          #include"LCD1602.H"
   5          
   6          //寄存器写入地址/指令定义
   7          #define DS1302_SECOND           0x80
   8          #define DS1302_MINUTE           0x82
   9          #define DS1302_HOUR                     0x84
  10          #define DS1302_DATE                     0x86
  11          #define DS1302_MONTH            0x88
  12          #define DS1302_WEEK                     0x8A
  13          #define DS1302_YEAR                     0x8C
  14          #define DS1302_WP                       0x8E
  15          
  16          
  17          
  18          sbit En=P1^6;
  19          sbit select=P2^4;
  20          sbit add=P2^0;
  21          sbit subtracat=P2^1;
  22          
  23          unsigned char Key(void)
  24          {       
  25   1              unsigned char key=0;
  26   1              
  27   1              if(En==0){Delay(20);while(En==0)Delay(20);key=1;}
  28   1              if(select==0){Delay(20);while(select==0)Delay(20);key=2;}
  29   1              
  30   1              return key;
  31   1      }
  32          
  33          unsigned char Key2(void)
  34          {       
  35   1              unsigned char key2=0;
  36   1              
  37   1              if(add==0){Delay(20);while(add==0)Delay(20);key2=1;}
  38   1              if(subtracat==0){Delay(20);while(subtracat==0)Delay(20);key2=2;}
  39   1              
  40   1              return key2;
  41   1      }
  42          
  43          
  44          
  45                                           
  46          
  47                  


MODULE INFORMATION:   STATIC OVERLAYABLE
   CODE SIZE        =     98    ----
   CONSTANT SIZE    =   ----    ----
   XDATA SIZE       =   ----    ----
   PDATA SIZE       =   ----    ----
C51 COMPILER V9.60.0.0   KEY                                                               02/17/2023 17:44:46 PAGE 2   

   DATA SIZE        =   ----       2
   IDATA SIZE       =   ----    ----
   BIT SIZE         =   ----    ----
   EDATA SIZE       =   ----    ----
   HDATA SIZE       =   ----    ----
   XDATA CONST SIZE =   ----    ----
   FAR CONST SIZE   =   ----    ----
END OF MODULE INFORMATION.


C51 COMPILATION COMPLETE.  0 WARNING(S),  0 ERROR(S)
