C51 COMPILER V9.60.0.0   TIMER0                                                            02/17/2023 17:58:42 PAGE 1   


C51 COMPILER V9.60.0.0, COMPILATION OF MODULE TIMER0
OBJECT MODULE PLACED IN .\Objects\Timer0.obj
COMPILER INVOKED BY: C:\Keil_v5\C51\BIN\C51.EXE Timer0.c OMF2 OPTIMIZE(8,SPEED) BROWSE DEBUG PRINT(.\Listings\Timer0.lst
                    -) OBJECT(.\Objects\Timer0.obj)

line level    source

   1          #include <REGX51.H>
   2          
   3          
   4          void Timer_Init()  //定时器初始化
   5          {
   6   1              TMOD=0x01;  //定时器0,模式1
   7   1              TF0=0;  //定时器一处标志位，初始化清0防止错误
   8   1              TR0=1;  //启动定时器；
   9   1              TL0 = 0x18;             //设置定时初始值
  10   1              TH0 = 0xFC;             //设置定时初始值
  11   1              ET0=1;
  12   1              EA=1;
  13   1              
  14   1      }
  15          
  16          
  17          /*
  18          void Timer0_Rountine() interrupt 1  //延时一秒程序示例
  19          {
  20                  static unsigned int T0count;
  21                  TH0=(65536-50000)/256;
  22                  TL0=(65536-50000)%256;
  23                  T0count++;
  24                  if(T0count>=1000)
  25                  {
  26                          T0count=0;
  27                  }
  28          }
  29          */


MODULE INFORMATION:   STATIC OVERLAYABLE
   CODE SIZE        =     18    ----
   CONSTANT SIZE    =   ----    ----
   XDATA SIZE       =   ----    ----
   PDATA SIZE       =   ----    ----
   DATA SIZE        =   ----    ----
   IDATA SIZE       =   ----    ----
   BIT SIZE         =   ----    ----
   EDATA SIZE       =   ----    ----
   HDATA SIZE       =   ----    ----
   XDATA CONST SIZE =   ----    ----
   FAR CONST SIZE   =   ----    ----
END OF MODULE INFORMATION.


C51 COMPILATION COMPLETE.  0 WARNING(S),  0 ERROR(S)
