C51 COMPILER V9.60.0.0   MAIN                                                              07/25/2022 22:26:39 PAGE 1   


C51 COMPILER V9.60.0.0, COMPILATION OF MODULE MAIN
OBJECT MODULE PLACED IN .\Objects\main.obj
COMPILER INVOKED BY: C:\Keil_v5\C51\BIN\C51.EXE main.c OPTIMIZE(8,SPEED) BROWSE DEBUG OBJECTEXTEND PRINT(.\Listings\main
                    -.lst) OBJECT(.\Objects\main.obj)

line level    source

   1          #include <REGX51.H>
   2          #include "DELAY.H"
   3          #include "TIMER0.H"
   4          
   5          sbit RCLK=P3^5;
   6          sbit SRCLK=P3^6;
   7          sbit SER=P3^4;
   8          
   9          unsigned char a;
  10          unsigned char b;
  11          unsigned int c=10;
  12                  
  13          unsigned char code Animation[]=
  14          {
  15                  0x00,0x00,0x00,0x00,0x00,0x00,0x00,0x00,
  16                  0x7f,0x08,0x08,0x08,0x7f,0x00,0x0e,0x15,
  17                  0x15,0x15,0x08,0x00,0x7e,0x01,0x02,0x00,
  18                  0x7e,0x01,0x02,0x00,0x0e,0x11,0x11,0x0e,
  19                  0x00,0x7d,0x00,0x00,0x00,0x00,0x00,0x00,
  20                  0x00,0x00,
  21          };
  22          
  23          void HC595_WriteByte(unsigned char Byte)
  24          {
  25   1              unsigned char i;
  26   1              for(i=0;i<8;i++)
  27   1              {
  28   2                      SER=Byte&(0x80>>i);
  29   2                      SRCLK=1;
  30   2                      SRCLK=0;
  31   2              }
  32   1              RCLK=1;
  33   1              RCLK=0;
  34   1      }
  35          
  36          void MatrixLED_ShowColumn(unsigned char Column,Data)
  37          {
  38   1              HC595_WriteByte(Data);
  39   1              P1=~(0x80>>Column);
  40   1              Delay(2);
  41   1              P1=0xff;        
  42   1      }
  43          
  44          void main()
  45          {
  46   1              SRCLK=0;
  47   1              RCLK=0; 
  48   1      
  49   1              while(1)
  50   1              {
  51   2                      for(a=0;a<8;a++)
  52   2                      {
  53   3                              MatrixLED_ShowColumn(a,Animation[a+b]);
  54   3                      }
C51 COMPILER V9.60.0.0   MAIN                                                              07/25/2022 22:26:39 PAGE 2   

  55   2                      Timer_Init();           
  56   2                      if(b>33)
  57   2                      {
  58   3                              b=0;
  59   3                      }               
  60   2              }
  61   1      }
  62          
  63          
  64          void Timer0_Rountine() interrupt 1  //延时一秒程序示例
  65          {
  66   1              static unsigned int T0count;
  67   1              TH0=(65536-50000)/256;
  68   1              TL0=(65536-50000)%256; //1ms
  69   1              T0count++;
  70   1              if(T0count>=10)
  71   1              {
  72   2                      T0count=0;
  73   2                      b++;
  74   2              }
  75   1      }


MODULE INFORMATION:   STATIC OVERLAYABLE
   CODE SIZE        =    185    ----
   CONSTANT SIZE    =     42    ----
   XDATA SIZE       =   ----    ----
   PDATA SIZE       =   ----    ----
   DATA SIZE        =      6    ----
   IDATA SIZE       =   ----    ----
   BIT SIZE         =   ----    ----
END OF MODULE INFORMATION.


C51 COMPILATION COMPLETE.  0 WARNING(S),  0 ERROR(S)
