C51 COMPILER V9.60.0.0   DS1302                                                            01/08/2023 13:31:07 PAGE 1   


C51 COMPILER V9.60.0.0, COMPILATION OF MODULE DS1302
OBJECT MODULE PLACED IN .\Objects\ds1302.obj
COMPILER INVOKED BY: C:\Keil_v5\C51\BIN\C51.EXE ds1302.c OMF2 OPTIMIZE(8,SPEED) BROWSE DEBUG PRINT(.\Listings\ds1302.lst
                    -) OBJECT(.\Objects\ds1302.obj)

line level    source

   1          #include<reg51.h>
   2          
   3          sbit DS1302_SCLK=P3^6;
   4          sbit DS1302_IO=P3^4;
   5          sbit DS1302_CE=P3^5;
   6          
   7          unsigned char SECOND,MINUTE,HOUR,DATE,MONTH,WEEK,YEAR;
   8          
   9          //寄存器写入地址/指令定义
  10          #define DS1302_SECOND           0x80
  11          #define DS1302_MINUTE           0x82
  12          #define DS1302_HOUR                     0x84
  13          #define DS1302_DATE                     0x86
  14          #define DS1302_MONTH            0x88
  15          #define DS1302_WEEK                     0x8A
  16          #define DS1302_YEAR                     0x8C
  17          #define DS1302_WP                       0x8E
  18          //                  0年1月2日3时4分5秒6周
  19          unsigned char Time[]={23,1,8,13,32,0,7};
  20          
  21          void DS1302_Init(void)
  22          {
  23   1              DS1302_CE=0;
  24   1              DS1302_SCLK=0;
  25   1      }
  26          
  27          void DS1302_WriteByte(unsigned char Command,unsigned char Date)
  28          {
  29   1              unsigned char i=0;
  30   1              DS1302_CE=1;
  31   1              for(i=0;i<8;i++)
  32   1              {
  33   2                      DS1302_IO=Command&(0x01<<i);
  34   2                      DS1302_SCLK=1;  
  35   2                      DS1302_SCLK=0;
  36   2              }
  37   1              for(i=0;i<8;i++)
  38   1              {
  39   2                      DS1302_IO=Date&(0x01<<i);
  40   2                      DS1302_SCLK=1;
  41   2                      DS1302_SCLK=0;
  42   2              }       
  43   1              DS1302_CE=0;
  44   1      }
  45          
  46          void DS1302_SetTime(void)
  47          {       
  48   1              DS1302_WriteByte(DS1302_WP,0/10*16+0%10);
  49   1              DS1302_WriteByte(DS1302_YEAR,Time[0]/10*16+Time[0]%10);//十进制转BCD码后写入
  50   1              DS1302_WriteByte(DS1302_MONTH,Time[1]/10*16+Time[1]%10);
  51   1              DS1302_WriteByte(DS1302_DATE,Time[2]/10*16+Time[2]%10);
  52   1              DS1302_WriteByte(DS1302_HOUR,Time[3]/10*16+Time[3]%10);
  53   1              DS1302_WriteByte(DS1302_MINUTE,Time[4]/10*16+Time[4]%10);
  54   1              DS1302_WriteByte(DS1302_SECOND,Time[5]/10*16+Time[5]%10);
C51 COMPILER V9.60.0.0   DS1302                                                            01/08/2023 13:31:07 PAGE 2   

  55   1              DS1302_WriteByte(DS1302_WEEK,Time[6]/10*16+Time[6]%10);
  56   1              DS1302_WriteByte(DS1302_WP,0x80/10*16+0X80%10);
  57   1      }
  58          
  59          unsigned char DS1302_ReadByte(unsigned char Command)
  60          {
  61   1              unsigned char i,Byte=0x00;
  62   1              DS1302_CE=1;
  63   1              Command|=0x01;
  64   1              for(i=0;i<8;i++)
  65   1              {       
  66   2                              
  67   2                      DS1302_IO=Command&(0x01<<i);
  68   2                      DS1302_SCLK=0;  
  69   2                      DS1302_SCLK=1;
  70   2              }
  71   1              for(i=0;i<8;i++)
  72   1              {       
  73   2                      DS1302_SCLK=1;
  74   2                      DS1302_SCLK=0;          
  75   2                      if(DS1302_IO){Byte|=(0x01<<i);}         
  76   2              }
  77   1              DS1302_CE=0; 
  78   1              return Byte;
  79   1      }
  80          
  81          void DS1302_ReadTime(void)
  82          {
  83   1              SECOND=DS1302_ReadByte(DS1302_SECOND);
  84   1              Time[5]=SECOND/16*10+SECOND%16;
  85   1              MINUTE=DS1302_ReadByte(DS1302_MINUTE);
  86   1              Time[4]=MINUTE/16*10+MINUTE%16;
  87   1              HOUR=DS1302_ReadByte(DS1302_HOUR);
  88   1              Time[3]=HOUR/16*10+HOUR%16;
  89   1              DATE=DS1302_ReadByte(DS1302_DATE);
  90   1              Time[2]=DATE/16*10+DATE%16;
  91   1              MONTH=DS1302_ReadByte(DS1302_MONTH);
  92   1              Time[1]=MONTH/16*10+MONTH%16;
  93   1              YEAR=DS1302_ReadByte(DS1302_YEAR);
  94   1              Time[0]=YEAR/16*10+YEAR%16;
  95   1              WEEK=DS1302_ReadByte(DS1302_WEEK);
  96   1              Time[6]=WEEK/16*10+WEEK%16;
  97   1      }
  98          
  99          


MODULE INFORMATION:   STATIC OVERLAYABLE
   CODE SIZE        =    553    ----
   CONSTANT SIZE    =   ----    ----
   XDATA SIZE       =   ----    ----
   PDATA SIZE       =   ----    ----
   DATA SIZE        =     14    ----
   IDATA SIZE       =   ----    ----
   BIT SIZE         =   ----    ----
   EDATA SIZE       =   ----    ----
   HDATA SIZE       =   ----    ----
   XDATA CONST SIZE =   ----    ----
   FAR CONST SIZE   =   ----    ----
END OF MODULE INFORMATION.


C51 COMPILATION COMPLETE.  0 WARNING(S),  0 ERROR(S)
