C51 COMPILER V9.60.0.0   MATRIXKEY                                                         07/03/2022 09:39:21 PAGE 1   


C51 COMPILER V9.60.0.0, COMPILATION OF MODULE MATRIXKEY
OBJECT MODULE PLACED IN .\Objects\MatrixKey.obj
COMPILER INVOKED BY: C:\Keil_v5\C51\BIN\C51.EXE MatrixKey.c OPTIMIZE(8,SPEED) BROWSE DEBUG OBJECTEXTEND PRINT(.\Listings
                    -\MatrixKey.lst) OBJECT(.\Objects\MatrixKey.obj)

line level    source

   1          #include<regx51.h>
   2          #include"Delay.h"
   3          
   4          unsigned char MatrixKey()
   5          {
   6   1              unsigned char KeyNumber=0;
   7   1              
   8   1              P1=0xff;
   9   1              
  10   1              P1_0=0;  //æœ€å³è¾¹é‚£ä¸€åˆ—
  11   1              if(P1_4==0){Delay(20);while(P1_4==0);Delay(20);KeyNumber=4;}
  12   1              //whileçš„ä½œç”¨åˆ¤æ–­xiaoæ‹¬å·ä¸­çš„æ¡ä»¶æ˜¯å¦æ»¡è¶³ æ»¡è¶³å°±æ‰§è¡Œå¤§æ‹¬å·çš„ç¨‹åº ä¸æ»¡è¶³å°±è·
             -³å‡º
  13   1              if(P1_5==0){Delay(20);while(P1_5==0);Delay(20);KeyNumber=8;}
  14   1              if(P1_6==0){Delay(20);while(P1_6==0);Delay(20);KeyNumber=12;}
  15   1              if(P1_7==0){Delay(20);while(P1_7==0);Delay(20);KeyNumber=16;}
  16   1              
  17   1              P1=0xff;
  18   1              P1_1=0;  //æœ€å³è¾¹å¾€å·¦ä¸€åˆ—
  19   1              if(P1_4==0){Delay(20);while(P1_4==0);Delay(20);KeyNumber=3;}
  20   1              //whileçš„ä½œç”¨åˆ¤æ–­xiaoæ‹¬å·ä¸­çš„æ¡ä»¶æ˜¯å¦æ»¡è¶³ æ»¡è¶³å°±æ‰§è¡Œå¤§æ‹¬å·çš„ç¨‹åº ä¸æ»¡è¶³å°±è·
             -³å‡º
  21   1              if(P1_5==0){Delay(20);while(P1_5==0);Delay(20);KeyNumber=7;}
  22   1              if(P1_6==0){Delay(20);while(P1_6==0);Delay(20);KeyNumber=11;}
  23   1              if(P1_7==0){Delay(20);while(P1_7==0);Delay(20);KeyNumber=15;}
  24   1              
  25   1              P1=0xff;
  26   1              P1_2=0;  
  27   1              if(P1_4==0){Delay(20);while(P1_4==0);Delay(20);KeyNumber=2;}
  28   1              //whileçš„ä½œç”¨åˆ¤æ–­xiaoæ‹¬å·ä¸­çš„æ¡ä»¶æ˜¯å¦æ»¡è¶³ æ»¡è¶³å°±æ‰§è¡Œå¤§æ‹¬å·çš„ç¨‹åº ä¸æ»¡è¶³å°±è·
             -³å‡º
  29   1              if(P1_5==0){Delay(20);while(P1_5==0);Delay(20);KeyNumber=6;}
  30   1              if(P1_6==0){Delay(20);while(P1_6==0);Delay(20);KeyNumber=10;}
  31   1              if(P1_7==0){Delay(20);while(P1_7==0);Delay(20);KeyNumber=14;}
  32   1              
  33   1              P1=0xff;
  34   1              P1_3=0;  
  35   1              if(P1_4==0){Delay(20);while(P1_4==0);Delay(20);KeyNumber=1;}
  36   1              //whileçš„ä½œç”¨åˆ¤æ–­xiaoæ‹¬å·ä¸­çš„æ¡ä»¶æ˜¯å¦æ»¡è¶³ æ»¡è¶³å°±æ‰§è¡Œå¤§æ‹¬å·çš„ç¨‹åº ä¸æ»¡è¶³å°±è·
             -³å‡º
  37   1              if(P1_5==0){Delay(20);while(P1_5==0);Delay(20);KeyNumber=5;}
  38   1              if(P1_6==0){Delay(20);while(P1_6==0);Delay(20);KeyNumber=9;}
  39   1              if(P1_7==0){Delay(20);while(P1_7==0);Delay(20);KeyNumber=13;}
  40   1              
  41   1              return KeyNumber;
  42   1      }


MODULE INFORMATION:   STATIC OVERLAYABLE
   CODE SIZE        =    393    ----
   CONSTANT SIZE    =   ----    ----
   XDATA SIZE       =   ----    ----
   PDATA SIZE       =   ----    ----
   DATA SIZE        =   ----       1
C51 COMPILER V9.60.0.0   MATRIXKEY                                                         07/03/2022 09:39:21 PAGE 2   

   IDATA SIZE       =   ----    ----
   BIT SIZE         =   ----    ----
END OF MODULE INFORMATION.


C51 COMPILATION COMPLETE.  0 WARNING(S),  0 ERROR(S)
